<?xml version="1.0" encoding="UTF-8"?>
<testng-results ignored="0" total="1" passed="1" failed="0" skipped="0">
  <reporter-output>
  </reporter-output>
  <suite started-at="2025-11-27T20:42:05 CST" name="Suite" finished-at="2025-11-27T20:42:12 CST" duration-ms="7052">
    <groups>
      <group name="cucumber">
        <method signature="AbstractTestNGCucumberTests.runScenario(io.cucumber.testng.PickleWrapper,io.cucumber.testng.FeatureWrapper)[pri:0, instance:runner.RunCuke@3f191845]" name="runScenario" class="io.cucumber.testng.AbstractTestNGCucumberTests"/>
      </group> <!-- cucumber -->
    </groups>
    <test started-at="2025-11-27T20:42:05 CST" name="Test" finished-at="2025-11-27T20:42:12 CST" duration-ms="7052">
      <class name="runner.RunCuke">
        <test-method is-config="true" signature="setUpClass(org.testng.ITestContext)[pri:0, instance:runner.RunCuke@3f191845]" started-at="2025-11-27T20:42:05 CST" name="setUpClass" finished-at="2025-11-27T20:42:06 CST" duration-ms="844" status="PASS">
          <params>
            <param index="0">
              <value>
                <![CDATA[org.testng.TestRunner@45900b64]]>
              </value>
            </param>
          </params>
          <reporter-output>
          </reporter-output>
        </test-method> <!-- setUpClass -->
        <test-method signature="runScenario(io.cucumber.testng.PickleWrapper,io.cucumber.testng.FeatureWrapper)[pri:0, instance:runner.RunCuke@3f191845]" started-at="2025-11-27T20:42:06 CST" name="runScenario" description="Runs Cucumber Scenarios" data-provider="scenarios" finished-at="2025-11-27T20:42:12 CST" duration-ms="5840" status="PASS">
          <params>
            <param index="0">
              <value>
                <![CDATA["Searching Google"]]>
              </value>
            </param>
            <param index="1">
              <value>
                <![CDATA["Searching Google"]]>
              </value>
            </param>
          </params>
          <reporter-output>
          </reporter-output>
        </test-method> <!-- runScenario -->
        <test-method is-config="true" signature="tearDownClass()[pri:0, instance:runner.RunCuke@3f191845]" started-at="2025-11-27T20:42:12 CST" name="tearDownClass" finished-at="2025-11-27T20:42:12 CST" duration-ms="315" status="PASS">
          <reporter-output>
          </reporter-output>
        </test-method> <!-- tearDownClass -->
      </class> <!-- runner.RunCuke -->
    </test> <!-- Test -->
  </suite> <!-- Suite -->
</testng-results>
